mode: atomic
github.com/snowlyg/gotransformer/xlxstransform.go:21.148,30.2 1 0
github.com/snowlyg/gotransformer/xlxstransform.go:32.56,34.2 1 0
github.com/snowlyg/gotransformer/xlxstransform.go:36.59,38.2 1 0
github.com/snowlyg/gotransformer/xlxstransform.go:40.60,42.2 1 0
github.com/snowlyg/gotransformer/xlxstransform.go:44.63,46.2 1 0
github.com/snowlyg/gotransformer/xlxstransform.go:48.70,50.2 1 0
github.com/snowlyg/gotransformer/xlxstransform.go:52.80,54.2 1 0
github.com/snowlyg/gotransformer/xlxstransform.go:56.49,57.57 1 0
github.com/snowlyg/gotransformer/xlxstransform.go:103.2,103.12 1 0
github.com/snowlyg/gotransformer/xlxstransform.go:57.57,60.30 3 0
github.com/snowlyg/gotransformer/xlxstransform.go:60.30,61.22 1 0
github.com/snowlyg/gotransformer/xlxstransform.go:61.22,63.19 2 0
github.com/snowlyg/gotransformer/xlxstransform.go:67.5,67.37 1 0
github.com/snowlyg/gotransformer/xlxstransform.go:63.19,65.6 1 0
github.com/snowlyg/gotransformer/xlxstransform.go:67.37,68.23 1 0
github.com/snowlyg/gotransformer/xlxstransform.go:69.26,70.30 1 0
github.com/snowlyg/gotransformer/xlxstransform.go:71.25,71.25 0 0
github.com/snowlyg/gotransformer/xlxstransform.go:73.24,73.24 0 0
github.com/snowlyg/gotransformer/xlxstransform.go:75.44,77.25 2 0
github.com/snowlyg/gotransformer/xlxstransform.go:78.82,80.29 2 0
github.com/snowlyg/gotransformer/xlxstransform.go:81.87,81.87 0 0
github.com/snowlyg/gotransformer/xlxstransform.go:83.26,84.36 1 0
github.com/snowlyg/gotransformer/xlxstransform.go:93.14,94.55 1 0
github.com/snowlyg/gotransformer/xlxstransform.go:84.36,85.30 1 0
github.com/snowlyg/gotransformer/xlxstransform.go:85.30,87.23 2 0
github.com/snowlyg/gotransformer/xlxstransform.go:90.9,90.38 1 0
github.com/snowlyg/gotransformer/xlxstransform.go:87.23,89.10 1 0
github.com/snowlyg/gotransformer/xlxstransform.go:96.11,97.14 1 0
github.com/snowlyg/gotransformer/xlxstransform.go:107.53,108.57 1 0
github.com/snowlyg/gotransformer/xlxstransform.go:159.2,159.12 1 0
github.com/snowlyg/gotransformer/xlxstransform.go:108.57,111.30 3 0
github.com/snowlyg/gotransformer/xlxstransform.go:111.30,112.22 1 0
github.com/snowlyg/gotransformer/xlxstransform.go:112.22,115.22 2 0
github.com/snowlyg/gotransformer/xlxstransform.go:116.25,117.24 1 0
github.com/snowlyg/gotransformer/xlxstransform.go:118.26,119.23 1 0
github.com/snowlyg/gotransformer/xlxstransform.go:126.23,127.23 1 0
github.com/snowlyg/gotransformer/xlxstransform.go:134.25,137.20 3 0
github.com/snowlyg/gotransformer/xlxstransform.go:140.6,140.22 1 0
github.com/snowlyg/gotransformer/xlxstransform.go:141.25,142.35 1 0
github.com/snowlyg/gotransformer/xlxstransform.go:152.13,153.57 1 0
github.com/snowlyg/gotransformer/xlxstransform.go:119.23,121.21 2 0
github.com/snowlyg/gotransformer/xlxstransform.go:124.7,124.24 1 0
github.com/snowlyg/gotransformer/xlxstransform.go:121.21,123.8 1 0
github.com/snowlyg/gotransformer/xlxstransform.go:127.23,129.21 2 0
github.com/snowlyg/gotransformer/xlxstransform.go:132.7,132.29 1 0
github.com/snowlyg/gotransformer/xlxstransform.go:129.21,131.8 1 0
github.com/snowlyg/gotransformer/xlxstransform.go:137.20,139.7 1 0
github.com/snowlyg/gotransformer/xlxstransform.go:142.35,143.24 1 0
github.com/snowlyg/gotransformer/xlxstransform.go:143.24,145.22 2 0
github.com/snowlyg/gotransformer/xlxstransform.go:148.8,148.37 1 0
github.com/snowlyg/gotransformer/xlxstransform.go:145.22,147.9 1 0
github.com/snowlyg/gotransformer/xlxstransform.go:163.67,165.27 2 0
github.com/snowlyg/gotransformer/xlxstransform.go:168.2,168.33 1 0
github.com/snowlyg/gotransformer/xlxstransform.go:165.27,167.3 1 0
github.com/snowlyg/gotransformer/xlxstransform.go:172.58,178.2 2 0
github.com/snowlyg/gotransformer/xlxstransform.go:181.57,183.24 2 0
github.com/snowlyg/gotransformer/xlxstransform.go:183.24,185.17 2 0
github.com/snowlyg/gotransformer/xlxstransform.go:188.3,188.16 1 0
github.com/snowlyg/gotransformer/xlxstransform.go:185.17,187.4 1 0
github.com/snowlyg/gotransformer/xlxstransform.go:189.8,191.3 1 0
github.com/snowlyg/gotransformer/xlxstransform.go:195.62,196.22 1 0
github.com/snowlyg/gotransformer/xlxstransform.go:199.2,199.10 1 0
github.com/snowlyg/gotransformer/xlxstransform.go:196.22,198.3 1 0
github.com/snowlyg/gotransformer/gotransformer.go:25.76,31.2 1 0
github.com/snowlyg/gotransformer/gotransformer.go:34.52,36.2 1 0
github.com/snowlyg/gotransformer/gotransformer.go:39.55,41.2 1 0
github.com/snowlyg/gotransformer/gotransformer.go:44.56,46.2 1 0
github.com/snowlyg/gotransformer/gotransformer.go:49.59,51.2 1 0
github.com/snowlyg/gotransformer/gotransformer.go:54.66,56.2 1 0
github.com/snowlyg/gotransformer/gotransformer.go:59.76,61.2 1 0
github.com/snowlyg/gotransformer/gotransformer.go:64.52,66.2 1 0
github.com/snowlyg/gotransformer/gotransformer.go:69.56,71.2 1 0
github.com/snowlyg/gotransformer/gotransformer.go:74.72,76.2 1 0
github.com/snowlyg/gotransformer/gotransformer.go:79.55,81.2 1 0
github.com/snowlyg/gotransformer/gotransformer.go:84.56,86.2 1 0
github.com/snowlyg/gotransformer/gotransformer.go:89.59,91.2 1 0
github.com/snowlyg/gotransformer/gotransformer.go:94.66,96.2 1 0
github.com/snowlyg/gotransformer/gotransformer.go:99.76,101.2 1 0
github.com/snowlyg/gotransformer/gotransformer.go:103.41,105.43 1 0
github.com/snowlyg/gotransformer/gotransformer.go:109.2,109.43 1 0
github.com/snowlyg/gotransformer/gotransformer.go:115.2,115.12 1 0
github.com/snowlyg/gotransformer/gotransformer.go:105.43,107.3 1 0
github.com/snowlyg/gotransformer/gotransformer.go:109.43,111.3 1 0
github.com/snowlyg/gotransformer/gotransformer.go:111.8,111.50 1 0
github.com/snowlyg/gotransformer/gotransformer.go:111.50,113.3 1 0
github.com/snowlyg/gotransformer/gotransformer.go:119.38,120.57 1 0
github.com/snowlyg/gotransformer/gotransformer.go:120.57,123.19 3 0
github.com/snowlyg/gotransformer/gotransformer.go:128.3,130.61 3 0
github.com/snowlyg/gotransformer/gotransformer.go:123.19,125.12 2 0
github.com/snowlyg/gotransformer/gotransformer.go:130.61,133.18 3 0
github.com/snowlyg/gotransformer/gotransformer.go:172.4,172.29 1 0
github.com/snowlyg/gotransformer/gotransformer.go:183.4,183.56 1 0
github.com/snowlyg/gotransformer/gotransformer.go:133.18,134.26 1 0
github.com/snowlyg/gotransformer/gotransformer.go:137.5,140.31 3 0
github.com/snowlyg/gotransformer/gotransformer.go:150.5,150.39 1 0
github.com/snowlyg/gotransformer/gotransformer.go:158.5,158.34 1 0
github.com/snowlyg/gotransformer/gotransformer.go:134.26,136.6 1 0
github.com/snowlyg/gotransformer/gotransformer.go:140.31,143.6 2 0
github.com/snowlyg/gotransformer/gotransformer.go:143.11,146.34 3 0
github.com/snowlyg/gotransformer/gotransformer.go:146.34,148.7 1 0
github.com/snowlyg/gotransformer/gotransformer.go:150.39,152.34 2 0
github.com/snowlyg/gotransformer/gotransformer.go:152.34,154.15 2 0
github.com/snowlyg/gotransformer/gotransformer.go:158.34,159.30 1 0
github.com/snowlyg/gotransformer/gotransformer.go:159.30,162.15 3 0
github.com/snowlyg/gotransformer/gotransformer.go:164.11,164.44 1 0
github.com/snowlyg/gotransformer/gotransformer.go:164.44,165.30 1 0
github.com/snowlyg/gotransformer/gotransformer.go:165.30,168.15 3 0
github.com/snowlyg/gotransformer/gotransformer.go:172.29,173.35 1 0
github.com/snowlyg/gotransformer/gotransformer.go:178.5,178.32 1 0
github.com/snowlyg/gotransformer/gotransformer.go:173.35,175.14 2 0
github.com/snowlyg/gotransformer/gotransformer.go:178.32,180.14 2 0
github.com/snowlyg/gotransformer/gotransformer.go:183.56,184.25 1 0
github.com/snowlyg/gotransformer/gotransformer.go:184.25,186.14 2 0
github.com/snowlyg/gotransformer/gotransformer.go:187.11,187.39 1 0
github.com/snowlyg/gotransformer/gotransformer.go:187.39,189.14 2 0
github.com/snowlyg/gotransformer/gotransformer.go:190.11,190.39 1 0
github.com/snowlyg/gotransformer/gotransformer.go:190.39,192.14 2 0
github.com/snowlyg/gotransformer/gotransformer.go:201.38,202.57 1 0
github.com/snowlyg/gotransformer/gotransformer.go:202.57,205.19 3 0
github.com/snowlyg/gotransformer/gotransformer.go:210.3,212.42 3 0
github.com/snowlyg/gotransformer/gotransformer.go:205.19,207.12 2 0
github.com/snowlyg/gotransformer/gotransformer.go:212.42,216.18 3 0
github.com/snowlyg/gotransformer/gotransformer.go:243.4,243.27 1 0
github.com/snowlyg/gotransformer/gotransformer.go:216.18,217.26 1 0
github.com/snowlyg/gotransformer/gotransformer.go:220.5,223.31 3 0
github.com/snowlyg/gotransformer/gotransformer.go:228.5,228.39 1 0
github.com/snowlyg/gotransformer/gotransformer.go:236.5,236.27 1 0
github.com/snowlyg/gotransformer/gotransformer.go:217.26,219.6 1 0
github.com/snowlyg/gotransformer/gotransformer.go:223.31,226.6 2 0
github.com/snowlyg/gotransformer/gotransformer.go:228.39,230.34 2 0
github.com/snowlyg/gotransformer/gotransformer.go:230.34,232.15 2 0
github.com/snowlyg/gotransformer/gotransformer.go:236.27,239.14 3 0
github.com/snowlyg/gotransformer/gotransformer.go:243.27,244.34 1 0
github.com/snowlyg/gotransformer/gotransformer.go:249.5,250.13 2 0
github.com/snowlyg/gotransformer/gotransformer.go:244.34,246.14 2 0
github.com/snowlyg/gotransformer/gotransformer.go:258.57,260.2 1 0
github.com/snowlyg/gotransformer/gotransformer.go:263.56,264.20 1 0
github.com/snowlyg/gotransformer/gotransformer.go:265.22,266.34 1 0
github.com/snowlyg/gotransformer/gotransformer.go:267.21,268.24 1 0
github.com/snowlyg/gotransformer/gotransformer.go:269.20,270.32 1 0
github.com/snowlyg/gotransformer/gotransformer.go:271.40,272.33 1 0
github.com/snowlyg/gotransformer/gotransformer.go:273.78,274.31 1 0
github.com/snowlyg/gotransformer/gotransformer.go:275.83,276.32 1 0
github.com/snowlyg/gotransformer/gotransformer.go:277.10,278.60 1 0
github.com/snowlyg/gotransformer/gotransformer.go:283.92,285.18 1 0
github.com/snowlyg/gotransformer/gotransformer.go:288.2,288.25 1 0
github.com/snowlyg/gotransformer/gotransformer.go:291.2,292.24 2 0
github.com/snowlyg/gotransformer/gotransformer.go:295.2,298.35 3 0
github.com/snowlyg/gotransformer/gotransformer.go:285.18,287.3 1 0
github.com/snowlyg/gotransformer/gotransformer.go:288.25,290.3 1 0
github.com/snowlyg/gotransformer/gotransformer.go:292.24,294.3 1 0
github.com/snowlyg/gotransformer/gotransformer.go:304.38,305.20 1 0
github.com/snowlyg/gotransformer/gotransformer.go:306.22,307.41 1 0
github.com/snowlyg/gotransformer/gotransformer.go:308.21,309.24 1 0
github.com/snowlyg/gotransformer/gotransformer.go:310.20,311.25 1 0
github.com/snowlyg/gotransformer/gotransformer.go:312.40,313.27 1 0
github.com/snowlyg/gotransformer/gotransformer.go:314.78,315.23 1 0
github.com/snowlyg/gotransformer/gotransformer.go:316.83,317.25 1 0
github.com/snowlyg/gotransformer/gotransformer.go:318.10,319.60 1 0
github.com/snowlyg/gotransformer/gotransformer.go:325.45,327.20 2 0
github.com/snowlyg/gotransformer/gotransformer.go:328.22,329.33 1 0
github.com/snowlyg/gotransformer/gotransformer.go:330.20,331.16 1 0
github.com/snowlyg/gotransformer/gotransformer.go:336.40,337.53 1 0
github.com/snowlyg/gotransformer/gotransformer.go:338.78,339.41 1 0
github.com/snowlyg/gotransformer/gotransformer.go:340.83,341.43 1 0
github.com/snowlyg/gotransformer/gotransformer.go:342.10,344.12 2 0
github.com/snowlyg/gotransformer/gotransformer.go:331.16,333.4 1 0
github.com/snowlyg/gotransformer/gotransformer.go:333.9,335.4 1 0
github.com/snowlyg/gotransformer/gotransformer.go:350.42,352.20 2 0
github.com/snowlyg/gotransformer/gotransformer.go:353.22,354.39 1 0
github.com/snowlyg/gotransformer/gotransformer.go:359.20,360.19 1 0
github.com/snowlyg/gotransformer/gotransformer.go:361.40,362.21 1 0
github.com/snowlyg/gotransformer/gotransformer.go:367.78,368.19 1 0
github.com/snowlyg/gotransformer/gotransformer.go:373.83,374.20 1 0
github.com/snowlyg/gotransformer/gotransformer.go:379.10,381.15 2 0
github.com/snowlyg/gotransformer/gotransformer.go:354.39,356.4 1 0
github.com/snowlyg/gotransformer/gotransformer.go:356.9,358.4 1 0
github.com/snowlyg/gotransformer/gotransformer.go:362.21,364.4 1 0
github.com/snowlyg/gotransformer/gotransformer.go:364.9,366.4 1 0
github.com/snowlyg/gotransformer/gotransformer.go:368.19,370.4 1 0
github.com/snowlyg/gotransformer/gotransformer.go:370.9,372.4 1 0
github.com/snowlyg/gotransformer/gotransformer.go:374.20,376.4 1 0
github.com/snowlyg/gotransformer/gotransformer.go:376.9,378.4 1 0
github.com/snowlyg/gotransformer/gotransformer.go:387.45,389.20 2 0
github.com/snowlyg/gotransformer/gotransformer.go:390.22,392.11 2 0
github.com/snowlyg/gotransformer/gotransformer.go:393.40,394.20 1 0
github.com/snowlyg/gotransformer/gotransformer.go:395.78,396.27 1 0
github.com/snowlyg/gotransformer/gotransformer.go:397.83,398.28 1 0
github.com/snowlyg/gotransformer/gotransformer.go:399.10,401.11 2 0
github.com/snowlyg/gotransformer/gotransformer.go:406.43,408.20 2 0
github.com/snowlyg/gotransformer/gotransformer.go:409.22,411.18 2 0
github.com/snowlyg/gotransformer/gotransformer.go:412.20,413.16 1 0
github.com/snowlyg/gotransformer/gotransformer.go:418.40,419.27 1 0
github.com/snowlyg/gotransformer/gotransformer.go:420.78,421.18 1 0
github.com/snowlyg/gotransformer/gotransformer.go:422.83,423.26 1 0
github.com/snowlyg/gotransformer/gotransformer.go:424.10,426.11 2 0
github.com/snowlyg/gotransformer/gotransformer.go:413.16,415.4 1 0
github.com/snowlyg/gotransformer/gotransformer.go:415.9,417.4 1 0
github.com/snowlyg/gotransformer/gotransformer.go:432.44,434.20 2 0
github.com/snowlyg/gotransformer/gotransformer.go:435.22,437.11 2 0
github.com/snowlyg/gotransformer/gotransformer.go:438.20,439.16 1 0
github.com/snowlyg/gotransformer/gotransformer.go:444.40,445.28 1 0
github.com/snowlyg/gotransformer/gotransformer.go:446.78,447.26 1 0
github.com/snowlyg/gotransformer/gotransformer.go:448.83,449.19 1 0
github.com/snowlyg/gotransformer/gotransformer.go:450.10,452.11 2 0
github.com/snowlyg/gotransformer/gotransformer.go:439.16,441.4 1 0
github.com/snowlyg/gotransformer/gotransformer.go:441.9,443.4 1 0
github.com/snowlyg/gotransformer/gotransformer.go:459.43,463.21 4 0
github.com/snowlyg/gotransformer/gotransformer.go:467.2,467.38 1 0
github.com/snowlyg/gotransformer/gotransformer.go:471.2,472.19 2 0
github.com/snowlyg/gotransformer/gotransformer.go:476.2,477.20 2 0
github.com/snowlyg/gotransformer/gotransformer.go:481.2,481.79 1 0
github.com/snowlyg/gotransformer/gotransformer.go:463.21,465.3 1 0
github.com/snowlyg/gotransformer/gotransformer.go:467.38,469.3 1 0
github.com/snowlyg/gotransformer/gotransformer.go:472.19,474.3 1 0
github.com/snowlyg/gotransformer/gotransformer.go:477.20,479.3 1 0
